<?xml version="1.0" encoding="UTF-8"?>
<testsuite name="com.mongodb.poc.integration.PetEntityTest" tests="1" skipped="0" failures="0" errors="0" timestamp="2019-04-11T23:41:40" hostname="Ritas-MacBook-Pro.local" time="2.799">
  <properties/>
  <testcase name="testUpdatePet1" classname="com.mongodb.poc.integration.PetEntityTest" time="2.799"/>
  <system-out><![CDATA[]]></system-out>
  <system-err><![CDATA[Apr 12, 2019 12:41:40 AM com.mongodb.diagnostics.logging.JULLogger log
INFO: Cluster created with settings {hosts=[prodteam1-shard-00-01-kx1de.mongodb.net:27017, prodteam1-shard-00-02-kx1de.mongodb.net:27017, prodteam1-shard-00-00-kx1de.mongodb.net:27017], mode=MULTIPLE, requiredClusterType=REPLICA_SET, serverSelectionTimeout='30000 ms', maxWaitQueueSize=500, requiredReplicaSetName='ProdTeam1-shard-0'}
Apr 12, 2019 12:41:40 AM com.mongodb.diagnostics.logging.JULLogger log
INFO: Adding discovered server prodteam1-shard-00-01-kx1de.mongodb.net:27017 to client view of cluster
Apr 12, 2019 12:41:40 AM com.mongodb.diagnostics.logging.JULLogger log
INFO: Adding discovered server prodteam1-shard-00-02-kx1de.mongodb.net:27017 to client view of cluster
Apr 12, 2019 12:41:40 AM com.mongodb.diagnostics.logging.JULLogger log
INFO: Adding discovered server prodteam1-shard-00-00-kx1de.mongodb.net:27017 to client view of cluster
Apr 12, 2019 12:41:40 AM com.mongodb.diagnostics.logging.JULLogger log
INFO: No server chosen by com.mongodb.client.internal.MongoClientDelegate$1@7701e7b5 from cluster description ClusterDescription{type=REPLICA_SET, connectionMode=MULTIPLE, serverDescriptions=[ServerDescription{address=prodteam1-shard-00-02-kx1de.mongodb.net:27017, type=UNKNOWN, state=CONNECTING}, ServerDescription{address=prodteam1-shard-00-01-kx1de.mongodb.net:27017, type=UNKNOWN, state=CONNECTING}, ServerDescription{address=prodteam1-shard-00-00-kx1de.mongodb.net:27017, type=UNKNOWN, state=CONNECTING}]}. Waiting for 30000 ms before timing out
Apr 12, 2019 12:41:41 AM com.mongodb.diagnostics.logging.JULLogger log
INFO: Opened connection [connectionId{localValue:3, serverValue:571}] to prodteam1-shard-00-02-kx1de.mongodb.net:27017
Apr 12, 2019 12:41:41 AM com.mongodb.diagnostics.logging.JULLogger log
INFO: Opened connection [connectionId{localValue:1, serverValue:545}] to prodteam1-shard-00-01-kx1de.mongodb.net:27017
Apr 12, 2019 12:41:41 AM com.mongodb.diagnostics.logging.JULLogger log
INFO: Opened connection [connectionId{localValue:2, serverValue:625}] to prodteam1-shard-00-00-kx1de.mongodb.net:27017
Apr 12, 2019 12:41:41 AM com.mongodb.diagnostics.logging.JULLogger log
INFO: Monitor thread successfully connected to server with description ServerDescription{address=prodteam1-shard-00-00-kx1de.mongodb.net:27017, type=REPLICA_SET_PRIMARY, state=CONNECTED, ok=true, version=ServerVersion{versionList=[4, 0, 8]}, minWireVersion=0, maxWireVersion=7, maxDocumentSize=16777216, logicalSessionTimeoutMinutes=30, roundTripTimeNanos=93721534, setName='ProdTeam1-shard-0', canonicalAddress=prodteam1-shard-00-00-kx1de.mongodb.net:27017, hosts=[prodteam1-shard-00-02-kx1de.mongodb.net:27017, prodteam1-shard-00-00-kx1de.mongodb.net:27017, prodteam1-shard-00-01-kx1de.mongodb.net:27017], passives=[], arbiters=[], primary='prodteam1-shard-00-00-kx1de.mongodb.net:27017', tagSet=TagSet{[Tag{name='region', value='US_EAST_1'}, Tag{name='provider', value='AWS'}, Tag{name='nodeType', value='ELECTABLE'}]}, electionId=7fffffff0000000000000005, setVersion=1, lastWriteDate=Fri Apr 12 00:41:36 IST 2019, lastUpdateTimeNanos=242185006118056}
Apr 12, 2019 12:41:41 AM com.mongodb.diagnostics.logging.JULLogger log
INFO: Monitor thread successfully connected to server with description ServerDescription{address=prodteam1-shard-00-01-kx1de.mongodb.net:27017, type=REPLICA_SET_SECONDARY, state=CONNECTED, ok=true, version=ServerVersion{versionList=[4, 0, 8]}, minWireVersion=0, maxWireVersion=7, maxDocumentSize=16777216, logicalSessionTimeoutMinutes=30, roundTripTimeNanos=94828491, setName='ProdTeam1-shard-0', canonicalAddress=prodteam1-shard-00-01-kx1de.mongodb.net:27017, hosts=[prodteam1-shard-00-02-kx1de.mongodb.net:27017, prodteam1-shard-00-00-kx1de.mongodb.net:27017, prodteam1-shard-00-01-kx1de.mongodb.net:27017], passives=[], arbiters=[], primary='prodteam1-shard-00-00-kx1de.mongodb.net:27017', tagSet=TagSet{[Tag{name='nodeType', value='ELECTABLE'}, Tag{name='region', value='US_EAST_1'}, Tag{name='provider', value='AWS'}]}, electionId=null, setVersion=1, lastWriteDate=Fri Apr 12 00:41:36 IST 2019, lastUpdateTimeNanos=242185006118075}
Apr 12, 2019 12:41:41 AM com.mongodb.diagnostics.logging.JULLogger log
INFO: Monitor thread successfully connected to server with description ServerDescription{address=prodteam1-shard-00-02-kx1de.mongodb.net:27017, type=REPLICA_SET_SECONDARY, state=CONNECTED, ok=true, version=ServerVersion{versionList=[4, 0, 8]}, minWireVersion=0, maxWireVersion=7, maxDocumentSize=16777216, logicalSessionTimeoutMinutes=30, roundTripTimeNanos=92630153, setName='ProdTeam1-shard-0', canonicalAddress=prodteam1-shard-00-02-kx1de.mongodb.net:27017, hosts=[prodteam1-shard-00-02-kx1de.mongodb.net:27017, prodteam1-shard-00-00-kx1de.mongodb.net:27017, prodteam1-shard-00-01-kx1de.mongodb.net:27017], passives=[], arbiters=[], primary='prodteam1-shard-00-00-kx1de.mongodb.net:27017', tagSet=TagSet{[Tag{name='region', value='US_EAST_1'}, Tag{name='provider', value='AWS'}, Tag{name='nodeType', value='ELECTABLE'}]}, electionId=null, setVersion=1, lastWriteDate=Fri Apr 12 00:41:36 IST 2019, lastUpdateTimeNanos=242185004198471}
Apr 12, 2019 12:41:41 AM com.mongodb.diagnostics.logging.JULLogger log
INFO: Setting max election id to 7fffffff0000000000000005 from replica set primary prodteam1-shard-00-00-kx1de.mongodb.net:27017
Apr 12, 2019 12:41:41 AM com.mongodb.diagnostics.logging.JULLogger log
INFO: Setting max set version to 1 from replica set primary prodteam1-shard-00-00-kx1de.mongodb.net:27017
Apr 12, 2019 12:41:41 AM com.mongodb.diagnostics.logging.JULLogger log
INFO: Discovered replica set primary prodteam1-shard-00-00-kx1de.mongodb.net:27017
Apr 12, 2019 12:41:42 AM com.mongodb.diagnostics.logging.JULLogger log
INFO: Opened connection [connectionId{localValue:4, serverValue:626}] to prodteam1-shard-00-00-kx1de.mongodb.net:27017
]]></system-err>
</testsuite>
